<?xml version="1.0" encoding="UTF-8"?>
<!-- Generated by org.testng.reporters.JUnitXMLReporter -->
<testsuite ignored="0" hostname="SmitaMahajan" failures="0" tests="5" name="Test" time="30.286" errors="0" timestamp="2024-01-06T14:45:55 IST">
  <testcase classname="testPackage.ValidLoginTestCase" name="validLoginMethod" time="0.727"/>
  <testcase classname="testPackage.InValidLoginTestCase" name="invalidLoginMethod" time="4.55"/>
  <testcase classname="testPackage.CeateNewCustomers_ProjectsTestCase" name="createNewCustomers_Projects" time="6.861"/>
  <testcase classname="testPackage.CreateNewUsersTestCase" name="createValidNewUsersMethod" time="4.491"/>
  <testcase classname="testPackage.DeleteAllTestCase" name="deleteMethod" time="2.299"/>
</testsuite> <!-- Test -->
