<?xml version="1.0" encoding="UTF-8"?>
<!-- Generated by org.testng.reporters.JUnitXMLReporter -->
<testsuite ignored="0" hostname="SmitaMahajan" failures="0" tests="5" name="Default test" time="53.634" errors="0" timestamp="2023-12-07T13:07:08 IST">
  <testcase classname="testNGAnnotations_Flags.ActiTimeDataProviderFlag" name="invalidLoginmethod" time="11.27"/>
  <testcase classname="testNGAnnotations_Flags.ActiTimeDataProviderFlag" name="invalidLoginmethod" time="10.413"/>
  <testcase classname="testNGAnnotations_Flags.ActiTimeDataProviderFlag" name="invalidLoginmethod" time="10.523"/>
  <testcase classname="testNGAnnotations_Flags.ActiTimeDataProviderFlag" name="invalidLoginmethod" time="10.792"/>
  <testcase classname="testNGAnnotations_Flags.ActiTimeDataProviderFlag" name="invalidLoginmethod" time="10.557"/>
</testsuite> <!-- Default test -->
