<?xml version="1.0" encoding="UTF-8"?>
<!-- Generated by org.testng.reporters.JUnitXMLReporter -->
<testsuite ignored="1" hostname="DESKTOP-NADPCQ4" failures="1" tests="1" name="Test(failed)" time="0.078" errors="0" timestamp="2023-11-29T12:16:36 IST">
  <testcase classname="testNGExecutionPackage.Test2" name="fmethod2" time="0.016">
    <failure type="java.lang.ArithmeticException" message="/ by zero">
      <![CDATA[java.lang.ArithmeticException: / by zero
at testNGExecutionPackage.Test2.fmethod2(Test2.java:16)
at java.base/java.util.ArrayList.forEach(ArrayList.java:1511)
... Removed 27 stack frames]]>
    </failure>
  </testcase> <!-- fmethod2 -->
  <testcase classname="testNGExecutionPackage.Test2" name="fmethod1" time="0.0">
    <ignored/>
  </testcase> <!-- fmethod1 -->
</testsuite> <!-- Test(failed) -->
