<?xml version="1.0" encoding="UTF-8"?>
<testng-results ignored="0" total="5" passed="5" failed="0" skipped="0">
  <reporter-output>
    <line>
      <![CDATA[onStart]]>
    </line>
    <line>
      <![CDATA[onTestStart]]>
    </line>
    <line>
      <![CDATA[onTestSuccess]]>
    </line>
    <line>
      <![CDATA[onTestStart]]>
    </line>
    <line>
      <![CDATA[onTestSuccess]]>
    </line>
    <line>
      <![CDATA[onTestStart]]>
    </line>
    <line>
      <![CDATA[onTestSuccess]]>
    </line>
    <line>
      <![CDATA[onTestStart]]>
    </line>
    <line>
      <![CDATA[onTestSuccess]]>
    </line>
    <line>
      <![CDATA[onTestStart]]>
    </line>
    <line>
      <![CDATA[onTestSuccess]]>
    </line>
  </reporter-output>
  <suite started-at="2024-01-06T14:45:25 IST" name="Suite" finished-at="2024-01-06T14:45:55 IST" duration-ms="30286">
    <groups>
    </groups>
    <test started-at="2024-01-06T14:45:25 IST" name="Test" finished-at="2024-01-06T14:45:55 IST" duration-ms="30286">
      <class name="testPackage.ValidLoginTestCase">
        <test-method is-config="true" signature="setUp()[pri:0, instance:testPackage.ValidLoginTestCase@611889f4]" started-at="2024-01-06T14:45:25 IST" name="setUp" finished-at="2024-01-06T14:45:28 IST" duration-ms="2797" status="PASS">
          <reporter-output>
          </reporter-output>
        </test-method> <!-- setUp -->
        <test-method signature="validLoginMethod()[pri:0, instance:testPackage.ValidLoginTestCase@611889f4]" started-at="2024-01-06T14:45:28 IST" name="validLoginMethod" finished-at="2024-01-06T14:45:29 IST" duration-ms="727" status="PASS">
          <reporter-output>
            <line>
              <![CDATA[onTestStart]]>
            </line>
            <line>
              <![CDATA[onTestSuccess]]>
            </line>
          </reporter-output>
        </test-method> <!-- validLoginMethod -->
        <test-method is-config="true" signature="tearDown()[pri:0, instance:testPackage.ValidLoginTestCase@611889f4]" started-at="2024-01-06T14:45:29 IST" name="tearDown" finished-at="2024-01-06T14:45:29 IST" duration-ms="296" status="PASS">
          <reporter-output>
          </reporter-output>
        </test-method> <!-- tearDown -->
      </class> <!-- testPackage.ValidLoginTestCase -->
      <class name="testPackage.InValidLoginTestCase">
        <test-method is-config="true" signature="setUp()[pri:0, instance:testPackage.InValidLoginTestCase@7bab3f1a]" started-at="2024-01-06T14:45:29 IST" name="setUp" finished-at="2024-01-06T14:45:31 IST" duration-ms="1641" status="PASS">
          <reporter-output>
          </reporter-output>
        </test-method> <!-- setUp -->
        <test-method signature="invalidLoginMethod()[pri:0, instance:testPackage.InValidLoginTestCase@7bab3f1a]" started-at="2024-01-06T14:45:31 IST" name="invalidLoginMethod" finished-at="2024-01-06T14:45:35 IST" duration-ms="4550" status="PASS">
          <reporter-output>
            <line>
              <![CDATA[onTestStart]]>
            </line>
            <line>
              <![CDATA[onTestSuccess]]>
            </line>
          </reporter-output>
        </test-method> <!-- invalidLoginMethod -->
        <test-method is-config="true" signature="tearDown()[pri:0, instance:testPackage.InValidLoginTestCase@7bab3f1a]" started-at="2024-01-06T14:45:35 IST" name="tearDown" finished-at="2024-01-06T14:45:35 IST" duration-ms="287" status="PASS">
          <reporter-output>
          </reporter-output>
        </test-method> <!-- tearDown -->
      </class> <!-- testPackage.InValidLoginTestCase -->
      <class name="testPackage.CeateNewCustomers_ProjectsTestCase">
        <test-method is-config="true" signature="setUp()[pri:0, instance:testPackage.CeateNewCustomers_ProjectsTestCase@437da279]" started-at="2024-01-06T14:45:35 IST" name="setUp" finished-at="2024-01-06T14:45:37 IST" duration-ms="1735" status="PASS">
          <reporter-output>
          </reporter-output>
        </test-method> <!-- setUp -->
        <test-method signature="createNewCustomers_Projects()[pri:0, instance:testPackage.CeateNewCustomers_ProjectsTestCase@437da279]" started-at="2024-01-06T14:45:37 IST" name="createNewCustomers_Projects" finished-at="2024-01-06T14:45:44 IST" duration-ms="6861" status="PASS">
          <reporter-output>
            <line>
              <![CDATA[onTestStart]]>
            </line>
            <line>
              <![CDATA[onTestSuccess]]>
            </line>
          </reporter-output>
        </test-method> <!-- createNewCustomers_Projects -->
        <test-method is-config="true" signature="tearDown()[pri:0, instance:testPackage.CeateNewCustomers_ProjectsTestCase@437da279]" started-at="2024-01-06T14:45:44 IST" name="tearDown" finished-at="2024-01-06T14:45:44 IST" duration-ms="319" status="PASS">
          <reporter-output>
          </reporter-output>
        </test-method> <!-- tearDown -->
      </class> <!-- testPackage.CeateNewCustomers_ProjectsTestCase -->
      <class name="testPackage.DeleteAllTestCase">
        <test-method is-config="true" signature="setUp()[pri:0, instance:testPackage.DeleteAllTestCase@1e1a0406]" started-at="2024-01-06T14:45:51 IST" name="setUp" finished-at="2024-01-06T14:45:53 IST" duration-ms="1890" status="PASS">
          <reporter-output>
          </reporter-output>
        </test-method> <!-- setUp -->
        <test-method signature="deleteMethod()[pri:0, instance:testPackage.DeleteAllTestCase@1e1a0406]" started-at="2024-01-06T14:45:53 IST" name="deleteMethod" finished-at="2024-01-06T14:45:55 IST" duration-ms="2299" status="PASS">
          <reporter-output>
            <line>
              <![CDATA[onTestStart]]>
            </line>
            <line>
              <![CDATA[onTestSuccess]]>
            </line>
          </reporter-output>
        </test-method> <!-- deleteMethod -->
        <test-method is-config="true" signature="tearDown()[pri:0, instance:testPackage.DeleteAllTestCase@1e1a0406]" started-at="2024-01-06T14:45:55 IST" name="tearDown" finished-at="2024-01-06T14:45:55 IST" duration-ms="303" status="PASS">
          <reporter-output>
          </reporter-output>
        </test-method> <!-- tearDown -->
      </class> <!-- testPackage.DeleteAllTestCase -->
      <class name="testPackage.CreateNewUsersTestCase">
        <test-method is-config="true" signature="setUp()[pri:0, instance:testPackage.CreateNewUsersTestCase@23c30a20]" started-at="2024-01-06T14:45:44 IST" name="setUp" finished-at="2024-01-06T14:45:46 IST" duration-ms="1684" status="PASS">
          <reporter-output>
          </reporter-output>
        </test-method> <!-- setUp -->
        <test-method signature="createValidNewUsersMethod()[pri:0, instance:testPackage.CreateNewUsersTestCase@23c30a20]" started-at="2024-01-06T14:45:46 IST" name="createValidNewUsersMethod" finished-at="2024-01-06T14:45:51 IST" duration-ms="4491" status="PASS">
          <reporter-output>
            <line>
              <![CDATA[onTestStart]]>
            </line>
            <line>
              <![CDATA[onTestSuccess]]>
            </line>
          </reporter-output>
        </test-method> <!-- createValidNewUsersMethod -->
        <test-method is-config="true" signature="tearDown()[pri:0, instance:testPackage.CreateNewUsersTestCase@23c30a20]" started-at="2024-01-06T14:45:51 IST" name="tearDown" finished-at="2024-01-06T14:45:51 IST" duration-ms="342" status="PASS">
          <reporter-output>
          </reporter-output>
        </test-method> <!-- tearDown -->
      </class> <!-- testPackage.CreateNewUsersTestCase -->
    </test> <!-- Test -->
  </suite> <!-- Suite -->
</testng-results>
