<?xml version="1.0" encoding="UTF-8"?>
<testng-results ignored="0" total="3" passed="3" failed="0" skipped="0">
  <reporter-output>
  </reporter-output>
  <suite started-at="2023-11-28T12:53:12 IST" name="Suite" finished-at="2023-11-28T12:53:51 IST" duration-ms="38783">
    <groups>
    </groups>
    <test started-at="2023-11-28T12:53:12 IST" name="Test" finished-at="2023-11-28T12:53:51 IST" duration-ms="38783">
      <class name="testNGExecutionPackage.JavaTest">
        <test-method signature="java_method()[pri:0, instance:testNGExecutionPackage.JavaTest@27462a88]" started-at="2023-11-28T12:53:12 IST" name="java_method" finished-at="2023-11-28T12:53:27 IST" duration-ms="15045" status="PASS">
          <reporter-output>
          </reporter-output>
        </test-method> <!-- java_method -->
      </class> <!-- testNGExecutionPackage.JavaTest -->
      <class name="testNGExecutionPackage.SqlTest">
        <test-method signature="sql_method()[pri:0, instance:testNGExecutionPackage.SqlTest@4efac082]" started-at="2023-11-28T12:53:38 IST" name="sql_method" finished-at="2023-11-28T12:53:51 IST" duration-ms="13167" status="PASS">
          <reporter-output>
          </reporter-output>
        </test-method> <!-- sql_method -->
      </class> <!-- testNGExecutionPackage.SqlTest -->
      <class name="testNGExecutionPackage.SeleniumTest">
        <test-method signature="selenium_method()[pri:0, instance:testNGExecutionPackage.SeleniumTest@59505b48]" started-at="2023-11-28T12:53:27 IST" name="selenium_method" finished-at="2023-11-28T12:53:38 IST" duration-ms="10491" status="PASS">
          <reporter-output>
          </reporter-output>
        </test-method> <!-- selenium_method -->
      </class> <!-- testNGExecutionPackage.SeleniumTest -->
    </test> <!-- Test -->
  </suite> <!-- Suite -->
</testng-results>
