<?xml version="1.0" encoding="UTF-8"?>
<testng-results ignored="0" total="5" passed="5" failed="0" skipped="0">
  <reporter-output>
  </reporter-output>
  <suite started-at="2023-12-07T13:06:14 IST" name="Default suite" finished-at="2023-12-07T13:07:08 IST" duration-ms="53634">
    <groups>
    </groups>
    <test started-at="2023-12-07T13:06:14 IST" name="Default test" finished-at="2023-12-07T13:07:08 IST" duration-ms="53634">
      <class name="testNGAnnotations_Flags.ActiTimeDataProviderFlag">
        <test-method signature="invalidLoginmethod(java.lang.String,java.lang.String)[pri:0, instance:testNGAnnotations_Flags.ActiTimeDataProviderFlag@4efac082]" started-at="2023-12-07T13:06:15 IST" name="invalidLoginmethod" data-provider="TestData" finished-at="2023-12-07T13:06:26 IST" duration-ms="11270" status="PASS">
          <params>
            <param index="0">
              <value>
                <![CDATA[ad_min]]>
              </value>
            </param>
            <param index="1">
              <value>
                <![CDATA[mana_ger]]>
              </value>
            </param>
          </params>
          <reporter-output>
          </reporter-output>
        </test-method> <!-- invalidLoginmethod -->
        <test-method signature="invalidLoginmethod(java.lang.String,java.lang.String)[pri:0, instance:testNGAnnotations_Flags.ActiTimeDataProviderFlag@4efac082]" started-at="2023-12-07T13:06:26 IST" name="invalidLoginmethod" data-provider="TestData" finished-at="2023-12-07T13:06:36 IST" duration-ms="10413" status="PASS">
          <params>
            <param index="0">
              <value>
                <![CDATA[ad123]]>
              </value>
            </param>
            <param index="1">
              <value>
                <![CDATA[mana123]]>
              </value>
            </param>
          </params>
          <reporter-output>
          </reporter-output>
        </test-method> <!-- invalidLoginmethod -->
        <test-method signature="invalidLoginmethod(java.lang.String,java.lang.String)[pri:0, instance:testNGAnnotations_Flags.ActiTimeDataProviderFlag@4efac082]" started-at="2023-12-07T13:06:36 IST" name="invalidLoginmethod" data-provider="TestData" finished-at="2023-12-07T13:06:47 IST" duration-ms="10523" status="PASS">
          <params>
            <param index="0">
              <value>
                <![CDATA[456min]]>
              </value>
            </param>
            <param index="1">
              <value>
                <![CDATA[456ger]]>
              </value>
            </param>
          </params>
          <reporter-output>
          </reporter-output>
        </test-method> <!-- invalidLoginmethod -->
        <test-method signature="invalidLoginmethod(java.lang.String,java.lang.String)[pri:0, instance:testNGAnnotations_Flags.ActiTimeDataProviderFlag@4efac082]" started-at="2023-12-07T13:06:47 IST" name="invalidLoginmethod" data-provider="TestData" finished-at="2023-12-07T13:06:58 IST" duration-ms="10792" status="PASS">
          <params>
            <param index="0">
              <value>
                <![CDATA[min]]>
              </value>
            </param>
            <param index="1">
              <value>
                <![CDATA[add]]>
              </value>
            </param>
          </params>
          <reporter-output>
          </reporter-output>
        </test-method> <!-- invalidLoginmethod -->
        <test-method signature="invalidLoginmethod(java.lang.String,java.lang.String)[pri:0, instance:testNGAnnotations_Flags.ActiTimeDataProviderFlag@4efac082]" started-at="2023-12-07T13:06:58 IST" name="invalidLoginmethod" data-provider="TestData" finished-at="2023-12-07T13:07:08 IST" duration-ms="10557" status="PASS">
          <params>
            <param index="0">
              <value>
                <![CDATA[manager]]>
              </value>
            </param>
            <param index="1">
              <value>
                <![CDATA[admin]]>
              </value>
            </param>
          </params>
          <reporter-output>
          </reporter-output>
        </test-method> <!-- invalidLoginmethod -->
      </class> <!-- testNGAnnotations_Flags.ActiTimeDataProviderFlag -->
    </test> <!-- Default test -->
  </suite> <!-- Default suite -->
</testng-results>
