<?xml version="1.0" encoding="UTF-8"?>
<!-- Generated by org.testng.reporters.JUnitXMLReporter -->
<testsuite ignored="0" hostname="DESKTOP-NADPCQ4" failures="0" tests="3" name="Test" time="38.783" errors="0" timestamp="2023-11-28T12:53:51 IST">
  <testcase classname="testNGExecutionPackage.JavaTest" name="java_method" time="15.045"/>
  <testcase classname="testNGExecutionPackage.SeleniumTest" name="selenium_method" time="10.491"/>
  <testcase classname="testNGExecutionPackage.SqlTest" name="sql_method" time="13.167"/>
</testsuite> <!-- Test -->
