<?xml version="1.0" encoding="UTF-8"?>
<!-- Generated by org.testng.reporters.JUnitXMLReporter -->
<testsuite ignored="0" hostname="DESKTOP-NADPCQ4" failures="0" tests="18" name="Test" time="0.171" errors="0" timestamp="2023-12-04T12:22:16 IST">
  <testcase classname="testNGAnnotations_Flags.Flag6" name="ft1" time="0.013"/>
  <testcase classname="testNGAnnotations_Flags.Flag6" name="ft2" time="0.002"/>
  <testcase classname="testNGAnnotations_Flags.Flag6" name="ft3" time="0.002"/>
  <testcase classname="testNGAnnotations_Flags.Flag6" name="ft4" time="0.001"/>
  <testcase classname="testNGAnnotations_Flags.Flag6" name="ft5" time="0.001"/>
  <testcase classname="testNGAnnotations_Flags.Flag6" name="ft6" time="0.001"/>
  <testcase classname="testNGAnnotations_Flags.Flag6" name="it1" time="0.001"/>
  <testcase classname="testNGAnnotations_Flags.Flag6" name="it2" time="0.001"/>
  <testcase classname="testNGAnnotations_Flags.Flag6" name="it3" time="0.001"/>
  <testcase classname="testNGAnnotations_Flags.Flag6" name="it4" time="0.002"/>
  <testcase classname="testNGAnnotations_Flags.Flag6" name="it5" time="0.002"/>
  <testcase classname="testNGAnnotations_Flags.Flag6" name="it6" time="0.002"/>
  <testcase classname="testNGAnnotations_Flags.Flag6" name="st1" time="0.002"/>
  <testcase classname="testNGAnnotations_Flags.Flag6" name="st2" time="0.002"/>
  <testcase classname="testNGAnnotations_Flags.Flag6" name="st3" time="0.001"/>
  <testcase classname="testNGAnnotations_Flags.Flag6" name="st4" time="0.001"/>
  <testcase classname="testNGAnnotations_Flags.Flag6" name="st5" time="0.001"/>
  <testcase classname="testNGAnnotations_Flags.Flag6" name="st6" time="0.002"/>
</testsuite> <!-- Test -->
